<?xml version="1.0" encoding="UTF-8"?><testrun name="BoardTest" project="sliding-puzzle" tests="6" started="6" failures="1" errors="0" ignored="0">
  <testsuite name="swe4.tests.BoardTest" time="0.065">
    <testcase name="simpleIsValidTest" classname="swe4.tests.BoardTest" time="0.057"/>
    <testcase name="moveOutsideTest" classname="swe4.tests.BoardTest" time="0.004">
      <failure>java.lang.AssertionError: Expected exception: at.lumetsnet.puzzle.IllegalMoveException
	at org.junit.internal.runners.statements.ExpectException.evaluate(ExpectException.java:32)
	at org.junit.runners.ParentRunner.runLeaf(ParentRunner.java:271)
	at org.junit.runners.BlockJUnit4ClassRunner.runChild(BlockJUnit4ClassRunner.java:70)
	at org.junit.runners.BlockJUnit4ClassRunner.runChild(BlockJUnit4ClassRunner.java:50)
	at org.junit.runners.ParentRunner$3.run(ParentRunner.java:238)
	at org.junit.runners.ParentRunner$1.schedule(ParentRunner.java:63)
	at org.junit.runners.ParentRunner.runChildren(ParentRunner.java:236)
	at org.junit.runners.ParentRunner.access$000(ParentRunner.java:53)
	at org.junit.runners.ParentRunner$2.evaluate(ParentRunner.java:229)
	at org.junit.runners.ParentRunner.run(ParentRunner.java:309)
	at org.eclipse.jdt.internal.junit4.runner.JUnit4TestReference.run(JUnit4TestReference.java:50)
	at org.eclipse.jdt.internal.junit.runner.TestExecution.run(TestExecution.java:38)
	at org.eclipse.jdt.internal.junit.runner.RemoteTestRunner.runTests(RemoteTestRunner.java:459)
	at org.eclipse.jdt.internal.junit.runner.RemoteTestRunner.runTests(RemoteTestRunner.java:675)
	at org.eclipse.jdt.internal.junit.runner.RemoteTestRunner.run(RemoteTestRunner.java:382)
	at org.eclipse.jdt.internal.junit.runner.RemoteTestRunner.main(RemoteTestRunner.java:192)

</failure>
    </testcase>
    <testcase name="simpleIsNotValidTest2" classname="swe4.tests.BoardTest" time="0.0"/>
    <testcase name="simpleIsNotValidTest3" classname="swe4.tests.BoardTest" time="0.001"/>
    <testcase name="simpleIsNotValidTest4" classname="swe4.tests.BoardTest" time="0.0"/>
    <testcase name="simpleIsNotValidTest" classname="swe4.tests.BoardTest" time="0.001"/>
  </testsuite>
</testrun>
